{"level":"info","tunnelID":"232b85ba-9131-47ba-b71a-e9b6232c7a0b","time":"2025-11-17T19:24:02Z","message":"Starting tunnel"}
{"level":"info","time":"2025-11-17T19:24:02Z","message":"Version 2025.11.1 (Checksum 5c82c2bd0b57c01fc1aee533aac606c8a6496d49446b68f307b46a6be4524739)"}
{"level":"info","time":"2025-11-17T19:24:02Z","message":"GOOS: darwin, GOVersion: go1.25.4, GoArch: arm64"}
{"level":"info","time":"2025-11-17T19:24:02Z","message":"Settings: map[config:cloudflare-tunnel.yml cred-file:/Users/archerterminez/.cloudflared/232b85ba-9131-47ba-b71a-e9b6232c7a0b.json credentials-file:/Users/archerterminez/.cloudflared/232b85ba-9131-47ba-b71a-e9b6232c7a0b.json logfile:/Users/archerterminez/Desktop/REPOSITORY/Skin Essentials By Her/skin-essentials-website-v3/cloudflare-tunnel.log loglevel:info no-tls-verify:true]"}
{"level":"info","time":"2025-11-17T19:24:02Z","message":"cloudflared will not automatically update if installed by a package manager."}
{"level":"info","time":"2025-11-17T19:24:07Z","message":"Generated Connector ID: e824150e-9069-4451-952d-655cbb9c03a6"}
{"level":"info","time":"2025-11-17T19:24:12Z","message":"Initial protocol quic"}
{"level":"info","time":"2025-11-17T19:24:12Z","message":"ICMP proxy will use 192.168.1.42 as source for IPv4"}
{"level":"info","time":"2025-11-17T19:24:12Z","message":"ICMP proxy will use fe80::c87:e632:9b52:8797 in zone en0 as source for IPv6"}
{"level":"info","time":"2025-11-17T19:24:12Z","message":"Created ICMP proxy listening on 192.168.1.42:0"}
{"level":"info","time":"2025-11-17T19:24:19Z","message":"ICMP proxy will use 192.168.1.42 as source for IPv4"}
{"level":"info","time":"2025-11-17T19:24:19Z","message":"ICMP proxy will use fe80::c87:e632:9b52:8797 in zone en0 as source for IPv6"}
{"level":"info","time":"2025-11-17T19:24:19Z","message":"Starting metrics server on 127.0.0.1:20241/metrics"}
{"level":"info","event":0,"ip":"198.41.200.33","connIndex":0,"time":"2025-11-17T19:24:19Z","message":"Tunnel connection curve preferences: [X25519MLKEM768 CurveP256]"}
{"level":"info","event":0,"connection":"c25051c1-e8d1-4ecb-8e1d-0cefa2da5af5","connIndex":0,"location":"hkg10","ip":"198.41.200.33","protocol":"quic","time":"2025-11-17T19:24:19Z","message":"Registered tunnel connection"}
{"level":"info","event":0,"ip":"198.41.192.227","connIndex":1,"time":"2025-11-17T19:24:19Z","message":"Tunnel connection curve preferences: [X25519MLKEM768 CurveP256]"}
{"level":"info","event":0,"connection":"a450f26b-4b25-42ca-ba78-35805f18b1c8","connIndex":1,"location":"hkg01","ip":"198.41.192.227","protocol":"quic","time":"2025-11-17T19:24:20Z","message":"Registered tunnel connection"}
{"level":"info","event":0,"ip":"198.41.200.113","connIndex":2,"time":"2025-11-17T19:24:20Z","message":"Tunnel connection curve preferences: [X25519MLKEM768 CurveP256]"}
{"level":"info","event":0,"connection":"90498c41-ed03-4bbf-afb2-5407f42eb67e","connIndex":2,"location":"hkg11","ip":"198.41.200.113","protocol":"quic","time":"2025-11-17T19:24:21Z","message":"Registered tunnel connection"}
{"level":"info","event":0,"ip":"198.41.192.27","connIndex":3,"time":"2025-11-17T19:24:21Z","message":"Tunnel connection curve preferences: [X25519MLKEM768 CurveP256]"}
{"level":"info","event":0,"connection":"bbb1e829-9bf9-4e7a-ab68-a437998a67bf","connIndex":3,"location":"hkg09","ip":"198.41.192.27","protocol":"quic","time":"2025-11-17T19:24:22Z","message":"Registered tunnel connection"}
{"level":"error","error":"lookup region1.v2.argotunnel.com: i/o timeout","time":"2025-11-17T19:39:24Z","message":"Failed to refresh DNS local resolver"}
{"level":"error","error":"lookup region1.v2.argotunnel.com: i/o timeout","time":"2025-11-17T20:09:32Z","message":"Failed to refresh DNS local resolver"}
{"level":"error","error":"lookup region1.v2.argotunnel.com: i/o timeout","time":"2025-11-17T20:14:37Z","message":"Failed to refresh DNS local resolver"}
{"level":"error","error":"lookup region1.v2.argotunnel.com: i/o timeout","time":"2025-11-17T20:19:42Z","message":"Failed to refresh DNS local resolver"}
{"level":"error","error":"lookup region1.v2.argotunnel.com: i/o timeout","time":"2025-11-17T20:24:47Z","message":"Failed to refresh DNS local resolver"}
{"level":"error","error":"lookup region1.v2.argotunnel.com: i/o timeout","time":"2025-11-17T20:29:52Z","message":"Failed to refresh DNS local resolver"}
{"level":"error","error":"lookup region1.v2.argotunnel.com: i/o timeout","time":"2025-11-17T20:34:57Z","message":"Failed to refresh DNS local resolver"}
{"level":"error","error":"lookup region1.v2.argotunnel.com: i/o timeout","time":"2025-11-17T20:40:02Z","message":"Failed to refresh DNS local resolver"}
{"level":"error","error":"lookup region1.v2.argotunnel.com: i/o timeout","time":"2025-11-17T20:45:07Z","message":"Failed to refresh DNS local resolver"}
{"level":"error","error":"lookup region1.v2.argotunnel.com: i/o timeout","time":"2025-11-17T20:50:12Z","message":"Failed to refresh DNS local resolver"}
{"level":"error","error":"lookup region1.v2.argotunnel.com: i/o timeout","time":"2025-11-17T20:55:17Z","message":"Failed to refresh DNS local resolver"}
{"level":"error","error":"lookup region1.v2.argotunnel.com: i/o timeout","time":"2025-11-17T21:00:22Z","message":"Failed to refresh DNS local resolver"}
{"level":"error","error":"lookup region1.v2.argotunnel.com: i/o timeout","time":"2025-11-17T21:05:27Z","message":"Failed to refresh DNS local resolver"}
{"level":"error","error":"lookup region1.v2.argotunnel.com: i/o timeout","time":"2025-11-17T21:10:32Z","message":"Failed to refresh DNS local resolver"}
{"level":"error","error":"lookup region1.v2.argotunnel.com: i/o timeout","time":"2025-11-17T21:15:37Z","message":"Failed to refresh DNS local resolver"}
{"level":"error","error":"lookup region1.v2.argotunnel.com: i/o timeout","time":"2025-11-17T21:20:42Z","message":"Failed to refresh DNS local resolver"}
{"level":"error","error":"lookup region1.v2.argotunnel.com: i/o timeout","time":"2025-11-17T21:25:47Z","message":"Failed to refresh DNS local resolver"}
{"level":"error","error":"lookup region1.v2.argotunnel.com: i/o timeout","time":"2025-11-17T21:30:52Z","message":"Failed to refresh DNS local resolver"}
{"level":"error","error":"lookup region1.v2.argotunnel.com: i/o timeout","time":"2025-11-17T21:35:57Z","message":"Failed to refresh DNS local resolver"}
{"level":"error","error":"lookup region1.v2.argotunnel.com: i/o timeout","time":"2025-11-17T21:41:02Z","message":"Failed to refresh DNS local resolver"}
{"level":"error","error":"lookup region1.v2.argotunnel.com: i/o timeout","time":"2025-11-17T21:46:07Z","message":"Failed to refresh DNS local resolver"}
{"level":"error","error":"lookup region1.v2.argotunnel.com: i/o timeout","time":"2025-11-17T21:51:12Z","message":"Failed to refresh DNS local resolver"}
{"level":"error","error":"lookup region1.v2.argotunnel.com: i/o timeout","time":"2025-11-17T21:56:17Z","message":"Failed to refresh DNS local resolver"}
{"level":"error","error":"lookup region1.v2.argotunnel.com: i/o timeout","time":"2025-11-17T22:01:22Z","message":"Failed to refresh DNS local resolver"}
{"level":"error","error":"lookup region1.v2.argotunnel.com: i/o timeout","time":"2025-11-17T22:06:27Z","message":"Failed to refresh DNS local resolver"}
{"level":"error","error":"lookup region1.v2.argotunnel.com: i/o timeout","time":"2025-11-17T22:11:32Z","message":"Failed to refresh DNS local resolver"}
{"level":"error","error":"lookup region1.v2.argotunnel.com: i/o timeout","time":"2025-11-17T22:16:37Z","message":"Failed to refresh DNS local resolver"}
{"level":"error","error":"lookup region1.v2.argotunnel.com: i/o timeout","time":"2025-11-17T22:21:42Z","message":"Failed to refresh DNS local resolver"}
{"level":"error","error":"lookup region1.v2.argotunnel.com: i/o timeout","time":"2025-11-17T22:26:47Z","message":"Failed to refresh DNS local resolver"}
{"level":"error","error":"lookup region1.v2.argotunnel.com: i/o timeout","time":"2025-11-17T22:31:52Z","message":"Failed to refresh DNS local resolver"}
{"level":"error","error":"lookup region1.v2.argotunnel.com: i/o timeout","time":"2025-11-17T22:36:57Z","message":"Failed to refresh DNS local resolver"}
{"level":"error","error":"lookup region1.v2.argotunnel.com: i/o timeout","time":"2025-11-17T22:42:02Z","message":"Failed to refresh DNS local resolver"}
{"level":"error","error":"lookup region1.v2.argotunnel.com: i/o timeout","time":"2025-11-17T22:47:07Z","message":"Failed to refresh DNS local resolver"}
{"level":"error","error":"lookup region1.v2.argotunnel.com: i/o timeout","time":"2025-11-17T22:52:12Z","message":"Failed to refresh DNS local resolver"}
{"level":"error","error":"lookup region1.v2.argotunnel.com: i/o timeout","time":"2025-11-17T22:57:17Z","message":"Failed to refresh DNS local resolver"}
{"level":"error","error":"lookup region1.v2.argotunnel.com: i/o timeout","time":"2025-11-17T23:02:22Z","message":"Failed to refresh DNS local resolver"}
{"level":"error","error":"lookup region1.v2.argotunnel.com: i/o timeout","time":"2025-11-17T23:07:27Z","message":"Failed to refresh DNS local resolver"}
{"level":"error","error":"lookup region1.v2.argotunnel.com: i/o timeout","time":"2025-11-17T23:12:32Z","message":"Failed to refresh DNS local resolver"}
{"level":"error","error":"lookup region1.v2.argotunnel.com: i/o timeout","time":"2025-11-17T23:17:37Z","message":"Failed to refresh DNS local resolver"}
{"level":"error","error":"lookup region1.v2.argotunnel.com: i/o timeout","time":"2025-11-17T23:22:42Z","message":"Failed to refresh DNS local resolver"}
{"level":"error","error":"lookup region1.v2.argotunnel.com: i/o timeout","time":"2025-11-17T23:27:47Z","message":"Failed to refresh DNS local resolver"}
{"level":"error","error":"lookup region1.v2.argotunnel.com: i/o timeout","time":"2025-11-17T23:32:52Z","message":"Failed to refresh DNS local resolver"}
{"level":"error","error":"lookup region1.v2.argotunnel.com: i/o timeout","time":"2025-11-17T23:37:57Z","message":"Failed to refresh DNS local resolver"}
{"level":"error","error":"lookup region1.v2.argotunnel.com: i/o timeout","time":"2025-11-17T23:43:02Z","message":"Failed to refresh DNS local resolver"}
{"level":"error","error":"lookup region1.v2.argotunnel.com: i/o timeout","time":"2025-11-17T23:48:07Z","message":"Failed to refresh DNS local resolver"}
{"level":"error","error":"lookup region1.v2.argotunnel.com: i/o timeout","time":"2025-11-17T23:53:12Z","message":"Failed to refresh DNS local resolver"}
{"level":"error","error":"lookup region1.v2.argotunnel.com: i/o timeout","time":"2025-11-17T23:58:17Z","message":"Failed to refresh DNS local resolver"}
{"level":"error","error":"lookup region1.v2.argotunnel.com: i/o timeout","time":"2025-11-18T00:03:22Z","message":"Failed to refresh DNS local resolver"}
{"level":"error","error":"lookup region1.v2.argotunnel.com: i/o timeout","time":"2025-11-18T00:08:27Z","message":"Failed to refresh DNS local resolver"}
{"level":"error","error":"lookup region1.v2.argotunnel.com: i/o timeout","time":"2025-11-18T00:13:32Z","message":"Failed to refresh DNS local resolver"}
{"level":"error","error":"lookup region1.v2.argotunnel.com: i/o timeout","time":"2025-11-18T00:18:37Z","message":"Failed to refresh DNS local resolver"}
{"level":"error","error":"lookup region1.v2.argotunnel.com: i/o timeout","time":"2025-11-18T00:23:42Z","message":"Failed to refresh DNS local resolver"}
{"level":"error","error":"lookup region1.v2.argotunnel.com: i/o timeout","time":"2025-11-18T00:28:47Z","message":"Failed to refresh DNS local resolver"}
{"level":"error","error":"lookup region1.v2.argotunnel.com: i/o timeout","time":"2025-11-18T00:33:52Z","message":"Failed to refresh DNS local resolver"}
{"level":"error","error":"lookup region1.v2.argotunnel.com: i/o timeout","time":"2025-11-18T00:38:57Z","message":"Failed to refresh DNS local resolver"}
{"level":"error","error":"lookup region1.v2.argotunnel.com: i/o timeout","time":"2025-11-18T00:44:02Z","message":"Failed to refresh DNS local resolver"}
{"level":"error","error":"lookup region1.v2.argotunnel.com: i/o timeout","time":"2025-11-18T00:49:07Z","message":"Failed to refresh DNS local resolver"}
{"level":"error","error":"lookup region1.v2.argotunnel.com: i/o timeout","time":"2025-11-18T00:54:12Z","message":"Failed to refresh DNS local resolver"}
{"level":"error","error":"lookup region1.v2.argotunnel.com: i/o timeout","time":"2025-11-18T00:59:17Z","message":"Failed to refresh DNS local resolver"}
{"level":"error","error":"lookup region1.v2.argotunnel.com: i/o timeout","time":"2025-11-18T01:04:22Z","message":"Failed to refresh DNS local resolver"}
{"level":"error","error":"lookup region1.v2.argotunnel.com: i/o timeout","time":"2025-11-18T01:09:27Z","message":"Failed to refresh DNS local resolver"}
{"level":"error","error":"lookup region1.v2.argotunnel.com: i/o timeout","time":"2025-11-18T01:14:32Z","message":"Failed to refresh DNS local resolver"}
{"level":"error","error":"lookup region1.v2.argotunnel.com: i/o timeout","time":"2025-11-18T01:19:37Z","message":"Failed to refresh DNS local resolver"}
{"level":"error","error":"lookup region1.v2.argotunnel.com: i/o timeout","time":"2025-11-18T01:24:42Z","message":"Failed to refresh DNS local resolver"}
{"level":"error","error":"lookup region1.v2.argotunnel.com: i/o timeout","time":"2025-11-18T01:29:47Z","message":"Failed to refresh DNS local resolver"}
{"level":"error","error":"lookup region1.v2.argotunnel.com: i/o timeout","time":"2025-11-18T01:34:52Z","message":"Failed to refresh DNS local resolver"}
